export SPARK_HOME="/home/book/spark-3.2.0"
export SPARK_PROG="/home/book/code/chap06/breadth_first_search_example.py"
export GRAPH_FRAMES="graphframes:graphframes:0.8.2-spark3.2-s_2.12"
#
# run the PySpark program:
$SPARK_HOME/bin/spark-submit --packages $GRAPH_FRAMES $SPARK_PROG 
...

+---+-------+---+
| id|   name|age|
+---+-------+---+
|  a|  Alice| 30|
|  b|    Bob| 31|
|  c|Charlie| 32|
|  d|  David| 23|
|  e|   Emma| 24|
|  f|  Frank| 26|
+---+-------+---+


+---+---+------------+
|src|dst|relationship|
+---+---+------------+
|  a|  b|      follow|
|  b|  c|      follow|
|  c|  d|      follow|
|  d|  e|      follow|
|  b|  e|      follow|
|  c|  e|      follow|
|  e|  f|      follow|
+---+---+------------+


graph= GraphFrame(v:[id: string, name: string ... 1 more field], e:[src: string, dst: string ... 1 more field])
+--------------+--------------+------------+--------------+-------------+
|          from|            e0|          v1|            e1|           to|
+--------------+--------------+------------+--------------+-------------+
|[a, Alice, 30]|[a, b, follow]|[b, Bob, 31]|[b, e, follow]|[e, Emma, 24]|
+--------------+--------------+------------+--------------+-------------+


+--------------+--------------+------------+
|          from|            e0|          to|
+--------------+--------------+------------+
|[a, Alice, 30]|[a, b, follow]|[b, Bob, 31]|
+--------------+--------------+------------+

