$SPARK_HOME/bin/spark-submit partition_data_as_text_by_year_month.py customers_with_date.txt /tmp/output

input_path= customers_with_date.txt

output_path= /tmp/output

df::
+-----------+---------+--------------+------+
|customer_id|date     |transaction_id|amount|
+-----------+---------+--------------+------+
|c1         |2/9/2019 |T0011         |20    |
|c1         |2/9/2019 |T0012         |12    |
|c1         |3/9/2019 |T0013         |30    |
|c1         |3/9/2019 |T0014         |42    |
|c1         |4/12/2019|T0023         |48    |
|c1         |4/12/2018|T0051         |28    |
|c1         |4/12/2019|T0043         |42    |
|c1         |4/12/2018|T0091         |29    |
|c1         |1/3/2018 |T0002         |12    |
|c1         |4/3/2018 |T0003         |44    |
|c2         |2/10/2019|T0511         |20    |
|c2         |2/10/2019|T0612         |17    |
|c2         |2/9/2019 |T0061         |25    |
|c2         |2/9/2019 |T0062         |78    |
|c2         |3/12/2019|T0513         |67    |
|c2         |3/12/2019|T0014         |42    |
|c2         |4/10/2019|T0023         |48    |
|c2         |4/10/2018|T0051         |28    |
|c2         |4/12/2019|T0043         |42    |
|c2         |4/12/2018|T0091         |29    |
+-----------+---------+--------------+------+
only showing top 20 rows

root
 |-- customer_id: string (nullable = true)
 |-- date: string (nullable = true)
 |-- transaction_id: string (nullable = true)
 |-- amount: string (nullable = true)

df2::
+-----------+---------+--------------+------+----+-----+
|customer_id|date     |transaction_id|amount|year|month|
+-----------+---------+--------------+------+----+-----+
|c1         |2/9/2019 |T0011         |20    |2019|9    |
|c1         |2/9/2019 |T0012         |12    |2019|9    |
|c1         |3/9/2019 |T0013         |30    |2019|9    |
|c1         |3/9/2019 |T0014         |42    |2019|9    |
|c1         |4/12/2019|T0023         |48    |2019|12   |
|c1         |4/12/2018|T0051         |28    |2018|12   |
|c1         |4/12/2019|T0043         |42    |2019|12   |
|c1         |4/12/2018|T0091         |29    |2018|12   |
|c1         |1/3/2018 |T0002         |12    |2018|3    |
|c1         |4/3/2018 |T0003         |44    |2018|3    |
|c2         |2/10/2019|T0511         |20    |2019|10   |
|c2         |2/10/2019|T0612         |17    |2019|10   |
|c2         |2/9/2019 |T0061         |25    |2019|9    |
|c2         |2/9/2019 |T0062         |78    |2019|9    |
|c2         |3/12/2019|T0513         |67    |2019|12   |
|c2         |3/12/2019|T0014         |42    |2019|12   |
|c2         |4/10/2019|T0023         |48    |2019|10   |
|c2         |4/10/2018|T0051         |28    |2018|10   |
|c2         |4/12/2019|T0043         |42    |2019|12   |
|c2         |4/12/2018|T0091         |29    |2018|12   |
+-----------+---------+--------------+------+----+-----+
only showing top 20 rows

root
 |-- customer_id: string (nullable = true)
 |-- date: string (nullable = true)
 |-- transaction_id: string (nullable = true)
 |-- amount: string (nullable = true)
 |-- year: integer (nullable = true)
 |-- month: integer (nullable = true)

df3::
+-----------+---------+--------------+------+----+-----+
|customer_id|date     |transaction_id|amount|year|month|
+-----------+---------+--------------+------+----+-----+
|c1         |4/12/2019|T0023         |48    |2019|12   |
|c1         |4/12/2019|T0043         |42    |2019|12   |
|c2         |3/12/2019|T0513         |67    |2019|12   |
|c2         |3/12/2019|T0014         |42    |2019|12   |
|c2         |4/12/2019|T0043         |42    |2019|12   |
|c1         |4/12/2018|T0051         |28    |2018|12   |
|c1         |4/12/2018|T0091         |29    |2018|12   |
|c2         |4/12/2018|T0091         |29    |2018|12   |
|c1         |2/9/2019 |T0011         |20    |2019|9    |
|c1         |2/9/2019 |T0012         |12    |2019|9    |
|c1         |3/9/2019 |T0013         |30    |2019|9    |
|c1         |3/9/2019 |T0014         |42    |2019|9    |
|c2         |2/9/2019 |T0061         |25    |2019|9    |
|c2         |2/9/2019 |T0062         |78    |2019|9    |
|c2         |2/10/2019|T0511         |20    |2019|10   |
|c2         |2/10/2019|T0612         |17    |2019|10   |
|c2         |4/10/2019|T0023         |48    |2019|10   |
|c1         |1/3/2018 |T0002         |12    |2018|3    |
|c1         |4/3/2018 |T0003         |44    |2018|3    |
|c2         |1/9/2018 |T0002         |12    |2018|9    |
+-----------+---------+--------------+------+----+-----+
only showing top 20 rows

root
 |-- customer_id: string (nullable = true)
 |-- date: string (nullable = true)
 |-- transaction_id: string (nullable = true)
 |-- amount: string (nullable = true)
 |-- year: integer (nullable = true)
 |-- month: integer (nullable = true)
