$SPARK_HOME/bin/spark-submit anagrams_by_groupbykey.py sample_document.txt 
input_path= sample_document.txt

records= ['fox jumped bowel bowel bowel elbow below bare bear', 'fox jumped bore bore bore boer robe bears', 'bears baser saber fox jumped and jumped over bear', 'fox is silent and listen listen mars rams mars bears', 'Mary and Elvis lives in Detroit army Easter Listen', 'silent eaters Death Hated elvis Mary easter Silent', 'Artist Elvis are in army Listen Silent detroit', 'artist is here and strait and traits hated']

rdd= ['fox', 'jumped', 'bowel', 'bowel', 'bowel', 'elbow', 'below', 'bare', 'bear', 'fox', 'jumped', 'bore', 'bore', 'bore', 'boer', 'robe', 'bears', 'bears', 'baser', 'saber', 'fox', 'jumped', 'and', 'jumped', 'over', 'bear', 'fox', 'is', 'silent', 'and', 'listen', 'listen', 'mars', 'rams', 'mars', 'bears', 'mary', 'and', 'elvis', 'lives', 'in', 'detroit', 'army', 'easter', 'listen', 'silent', 'eaters', 'death', 'hated', 'elvis', 'mary', 'easter', 'silent', 'artist', 'elvis', 'are', 'in', 'army', 'listen', 'silent', 'detroit', 'artist', 'is', 'here', 'and', 'strait', 'and', 'traits', 'hated']

anagrams_list= [('below', ['bowel', 'bowel', 'bowel', 'elbow', 'below']), ('aber', ['bare', 'bear', 'bear']), ('beor', ['bore', 'bore', 'bore', 'boer', 'robe']), ('adn', ['and', 'and', 'and', 'and', 'and']), ('is', ['is', 'is']), ('eilnst', ['silent', 'listen', 'listen', 'listen', 'silent', 'silent', 'listen', 'silent']), ('eilsv', ['elvis', 'lives', 'elvis', 'elvis']), ('in', ['in', 'in']), ('deiortt', ['detroit', 'detroit']), ('aeerst', ['easter', 'eaters', 'easter']), ('aer', ['are']), ('eehr', ['here']), ('fox', ['fox', 'fox', 'fox', 'fox']), ('dejmpu', ['jumped', 'jumped', 'jumped', 'jumped']), ('abers', ['bears', 'bears', 'baser', 'saber', 'bears']), ('eorv', ['over']), ('amrs', ['mars', 'rams', 'mars']), ('amry', ['mary', 'army', 'mary', 'army']), ('adeht', ['death', 'hated', 'hated']), ('airstt', ['artist', 'artist', 'strait', 'traits'])]

anagrams= [('below', Counter({'bowel': 3, 'elbow': 1, 'below': 1})), ('aber', Counter({'bear': 2, 'bare': 1})), ('beor', Counter({'bore': 3, 'boer': 1, 'robe': 1})), ('adn', Counter({'and': 5})), ('is', Counter({'is': 2})), ('eilnst', Counter({'silent': 4, 'listen': 4})), ('eilsv', Counter({'elvis': 3, 'lives': 1})), ('in', Counter({'in': 2})), ('deiortt', Counter({'detroit': 2})), ('aeerst', Counter({'easter': 2, 'eaters': 1})), ('aer', Counter({'are': 1})), ('eehr', Counter({'here': 1})), ('fox', Counter({'fox': 4})), ('dejmpu', Counter({'jumped': 4})), ('abers', Counter({'bears': 3, 'baser': 1, 'saber': 1})), ('eorv', Counter({'over': 1})), ('amrs', Counter({'mars': 2, 'rams': 1})), ('amry', Counter({'mary': 2, 'army': 2})), ('adeht', Counter({'hated': 2, 'death': 1})), ('airstt', Counter({'artist': 2, 'strait': 1, 'traits': 1}))]

filtered_anagrams= 
[
('below', Counter({'bowel': 3, 'elbow': 1, 'below': 1})), 
('aber', Counter({'bear': 2, 'bare': 1})), 
('beor', Counter({'bore': 3, 'boer': 1, 'robe': 1})), 
('eilnst', Counter({'silent': 4, 'listen': 4})), 
('eilsv', Counter({'elvis': 3, 'lives': 1})), 
('aeerst', Counter({'easter': 2, 'eaters': 1})), 
('abers', Counter({'bears': 3, 'baser': 1, 'saber': 1})), 
('amrs', Counter({'mars': 2, 'rams': 1})), 
('amry', Counter({'mary': 2, 'army': 2})), 
('adeht', Counter({'hated': 2, 'death': 1})), 
('airstt', Counter({'artist': 2, 'strait': 1, 'traits': 1}))
]
