% cat /tmp/R.txt
k1,v1
k1,v2
k2,v3
k2,v4
k2,v5
k3,v6
k3,v7
k4,v8

% cat /tmp/S.txt
k1,t1
k1,t2
k1,t3
k2,t4
k2,t5
k5,t6
k6,t7

% R="/tmp/R.txt"
% S="/tmp/S.txt"
% ~/spark-3.2.1/bin/spark-submit inner_join.py   $R   $S

rdd_S= 
[
 ('k1', 'v1'), 
 ('k1', 'v2'), 
 ('k2', 'v3'), 
 ('k2', 'v4'), 
 ('k2', 'v5'), 
 ('k3', 'v6'), 
 ('k3', 'v7'), 
 ('k4', 'v8')
]

rdd_R= 
[
 ('k1', 't1'), 
 ('k1', 't2'), 
 ('k1', 't3'), 
 ('k2', 't4'), 
 ('k2', 't5'), 
 ('k5', 't6'), 
 ('k6', 't7')
]

R_joined_S= 
[
 ('k1', ('t1', 'v1')), 
 ('k1', ('t1', 'v2')), 
 ('k1', ('t2', 'v1')), 
 ('k1', ('t2', 'v2')), 
 ('k1', ('t3', 'v1')), 
 ('k1', ('t3', 'v2')), 
 ('k2', ('t4', 'v3')), 
 ('k2', ('t4', 'v4')), 
 ('k2', ('t4', 'v5')), 
 ('k2', ('t5', 'v3')), 
 ('k2', ('t5', 'v4')), 
 ('k2', ('t5', 'v5'))
]

