% cat /tmp/A.txt
k1,v1
k1,v2
k2,v3
k2,v4
k2,v5
k3,v6
k3,v7
k4,v8

% cat /tmp/B.txt
k1,t1
k1,t2
k1,t3
k2,t4
k2,t5
k5,t6
k6,t7

% A="/tmp/A.txt"
% B="/tmp/B.txt"
% ~/spark-3.2.1/bin/spark-submit rdd_join_inner.py   $A   $B

rdd_A= 
[
 ('k1', 'v1'), 
 ('k1', 'v2'), 
 ('k2', 'v3'), 
 ('k2', 'v4'), 
 ('k2', 'v5'), 
 ('k3', 'v6'), 
 ('k3', 'v7'), 
 ('k4', 'v8')
]

rdd_B= 
[
 ('k1', 't1'), 
 ('k1', 't2'), 
 ('k1', 't3'), 
 ('k2', 't4'), 
 ('k2', 't5'), 
 ('k5', 't6'), 
 ('k6', 't7')
 ]

A_joined_B= 
[
 ('k1', ('v1', 't1')), 
 ('k1', ('v1', 't2')), 
 ('k1', ('v1', 't3')), 
 ('k1', ('v2', 't1')), 
 ('k1', ('v2', 't2')), 
 ('k1', ('v2', 't3')), 
 ('k2', ('v3', 't4')), 
 ('k2', ('v3', 't5')), 
 ('k2', ('v4', 't4')), 
 ('k2', ('v4', 't5')), 
 ('k2', ('v5', 't4')), 
 ('k2', ('v5', 't5'))
]
