% source Top_N_movies_RDD_using_reduceByKey.sh
begin=Fri Sep 16 11:06:26 PDT 2022
N= 10
ratings= /Users/mparsian/Downloads/ml-25m/ratings_no_header.csv
movies= /Users/mparsian/Downloads/ml-25m/movies.csv
rating_threshold= 0.0

rdd.take(5)= ['1,296,5.0,1147880044', '1,306,3.5,1147868817', '1,307,5.0,1147868828', '1,665,5.0,1147878820', '1,899,3.5,1147868510']
pairs.take(5)= [('306', '1'), ('307', '1'), ('665', '1'), ('899', '1'), ('1088', '1')]
topN_movies= [('72315', 32202), ('80974', 9178), ('137293', 8913), ('33844', 7919), ('20055', 7488), ('109731', 6647), ('92046', 6564), ('49403', 6553), ('30879', 5693), ('115102', 5649)]
   movieId  ...                                       genres
0        1  ...  Adventure|Animation|Children|Comedy|Fantasy
1        2  ...                   Adventure|Children|Fantasy
2        3  ...                               Comedy|Romance
3        4  ...                         Comedy|Drama|Romance
4        5  ...                                       Comedy

[5 rows x 3 columns]
movies column names:
movieId
title
genres
topN_with_names= [('72315', 32202, "Hell's Hinges (1916)"), ('80974', 9178, None), ('137293', 8913, None), ('33844', 7919, 'Exiles (Exils) (2004)'), ('20055', 7488, None), ('109731', 6647, None), ('92046', 6564, 'Contact High (2009)'), ('49403', 6553, None), ('30879', 5693, None), ('115102', 5649, None)]
end=Fri Sep 16 11:06:51 PDT 2022
elapsed time: 25 seconds to complete this task.
