 % source Top_N_movies_Dataframe_using_SQL.sh
begin=Fri Sep 16 14:43:29 PDT 2022
N= 10
ratings= /Users/mparsian/Downloads/ml-25m/ratings.csv
movies= /Users/mparsian/Downloads/ml-25m/movies.csv
rating_threshold= 0.0

Dataframe Schema:
root
 |-- userId: string (nullable = true)
 |-- movieId: string (nullable = true)
 |-- rating: string (nullable = true)
 |-- timestamp: string (nullable = true)

df.show(10):
+------+-------+------+----------+
|userId|movieId|rating|timestamp |
+------+-------+------+----------+
|1     |296    |5.0   |1147880044|
|1     |306    |3.5   |1147868817|
|1     |307    |5.0   |1147868828|
|1     |665    |5.0   |1147878820|
|1     |899    |3.5   |1147868510|
|1     |1088   |4.0   |1147868495|
|1     |1175   |3.5   |1147868826|
|1     |1217   |3.5   |1147878326|
|1     |1237   |5.0   |1147868839|
|1     |1250   |4.0   |1147868414|
+------+-------+------+----------+
only showing top 10 rows

df.count():  25000095
+-------+----------------------+
|movieId|no_of_times_movie_seen|
+-------+----------------------+
|356    |81491                 |
|318    |81482                 |
|296    |79672                 |
|593    |74127                 |
|2571   |72674                 |
|260    |68717                 |
|480    |64144                 |
|527    |60411                 |
|110    |59184                 |
|2959   |58773                 |
+-------+----------------------+

   movieId  ...                                       genres
0        1  ...  Adventure|Animation|Children|Comedy|Fantasy
1        2  ...                   Adventure|Children|Fantasy
2        3  ...                               Comedy|Romance
3        4  ...                         Comedy|Drama|Romance
4        5  ...                                       Comedy

[5 rows x 3 columns]
movieId
title
genres
topN_with_names= [('356', 81491, 'Forrest Gump (1994)'), ('318', 81482, 'Shawshank Redemption, The (1994)'), ('296', 79672, 'Pulp Fiction (1994)'), ('593', 74127, 'Silence of the Lambs, The (1991)'), ('2571', 72674, 'Matrix, The (1999)'), ('260', 68717, 'Star Wars: Episode IV - A New Hope (1977)'), ('480', 64144, 'Jurassic Park (1993)'), ('527', 60411, "Schindler's List (1993)"), ('110', 59184, 'Braveheart (1995)'), ('2959', 58773, 'Fight Club (1999)')]
end=Fri Sep 16 14:43:49 PDT 2022
elapsed time: 20 seconds to complete this task.