export SPARK_HOME="/home/book/spark-3.2.0"
export SPARK_PROG="/home/book/code/chap06/graph_builder.py"
export GRAPH_FRAMES="graphframes:graphframes:0.8.2-spark3.2-s_2.12"
#
# run the PySpark program:
$SPARK_HOME/bin/spark-submit --packages $GRAPH_FRAMES $SPARK_PROG 

+---+-------+---+
| id|   name|age|
+---+-------+---+
|  a|  Alice| 34|
|  b|    Bob| 36|
|  c|Charlie| 30|
+---+-------+---+

+---+---+------------+
|src|dst|relationship|
+---+---+------------+
|  a|  b|      friend|
|  b|  c|      follow|
|  c|  b|      follow|
+---+---+------------+

graph= GraphFrame(
   v:[id: string, name: string ... 1 more field], 
   e:[src: string, dst: string ... 1 more field]
)
   
+---+--------+
| id|inDegree|
+---+--------+
|  c|       1|
|  b|       2|
+---+--------+

count_follow= 2