export SPARK_HOME="/home/book/spark-3.2.0"
export SPARK_PROG="/home/book/code/chap06/triangles_counter.py"
export GRAPH_FRAMES="graphframes:graphframes:0.8.2-spark3.2-s_2.12"

${SPARK_HOME}/bin/spark-submit --packages ${GRAPH_FRAMES} ${SPARK_PROG}
...

graph =  GraphFrame(
  v:[id: string, name: string ... 1 more field], 
  e:[src: string, dst: string ... 1 more field]
)

+---+-------+---+
| id|   name|age|
+---+-------+---+
|  a|  Alice| 34|
|  b|    Bob| 36|
|  c|Charlie| 30|
|  d|  David| 29|
|  e| Esther| 32|
|  f|  Fanny| 36|
|  g|  Gabby| 60|
+---+-------+---+

+---+---+------------+
|src|dst|relationship|
+---+---+------------+
|  a|  b|      friend|
|  b|  c|      follow|
|  c|  b|      follow|
|  f|  c|      follow|
|  e|  f|      follow|
|  e|  d|      friend|
|  d|  a|      friend|
|  a|  e|      friend|
+---+---+------------+

+-----+---+-------+---+
|count| id|   name|age|
+-----+---+-------+---+
|    0|  g|  Gabby| 60|
|    0|  f|  Fanny| 36|
|    1|  e| Esther| 32|
|    1|  d|  David| 29|
|    0|  c|Charlie| 30|
|    0|  b|    Bob| 36|
|    1|  a|  Alice| 34|
+-----+---+-------+---+

+---+-----+
| id|count|
+---+-----+
|  g|    0|
|  f|    0|
|  e|    1|
|  d|    1|
|  c|    0|
|  b|    0|
|  a|    1|
+---+-----+

